
Sending data to server : 
init~~kdsf~~c~~

Sending data to server : 
A

Sending data to server : 
D

Sending data to server : 
B

Sending data to server : 
C

Sending data to server : 
C

Sending data to server : 
C

Sending data to server : 
C

Sending data to server : 
C

Sending data to server : 
C

Sending data to server : 
C

Sending data to server : 
B

Sending data to server : 
C

Sending data to server : 
A

Sending data to server : 
D

Sending data to server : 
B

Sending data to server : 
C

Sending data to server : 
A

Sending data to server : 
D

Sending data to server : 
B

Sending data to server : 
C

Sending data to server : 
A

Sending data to server : 
D

Sending data to server : 
B

Sending data to server : 
C

Sending data to server : 
A

Sending data to server : 
D

Sending data to server : 
B

Sending data to server : 
C

Sending data to server : 
A

Sending data to server : 
D

Sending data to server : 
B

Sending data to server : 
C

Sending data to server : 
A

Sending data to server : 
#

Server sent msg::065,006

Sending data to server : 
D

Sending data to server : 
A

Sending data to server : 
D

Sending data to server : 
B

Sending data to server : 
#

Server sent msg::035,028

Sending data to server : 
D

Sending data to server : 
B

Sending data to server : 
B

Sending data to server : 
B

Sending data to server : 
B

Sending data to server : 
B

Sending data to server : 
D

Sending data to server : 
D

Sending data to server : 
D

Sending data to server : 
D

Sending data to server : 
D

Sending data to server : 
D

Sending data to server : 
D

Sending data to server : 
D

Sending data to server : 
D

Sending data to server : 
D

Sending data to server : 
#

Server sent msg::075,035

Sending data to server : 
A

Sending data to server : 
A

Sending data to server : 
C

Sending data to server : 
C

Sending data to server : 
C

Sending data to server : 
C

Sending data to server : 
C

Sending data to server : 
C

Sending data to server : 
C

Sending data to server : 
C

Sending data to server : 
C

Sending data to server : 
C

Sending data to server : 
C

Sending data to server : 
B

Sending data to server : 
B

Sending data to server : 
B

Sending data to server : 
B

Sending data to server : 
B

Sending data to server : 
C

Sending data to server : 
C

Sending data to server : 
#

Sending data to server : 
C

Server sent msg::004,017

Sending data to server : 
A

Sending data to server : 
A

Sending data to server : 
A

Sending data to server : 
A

Sending data to server : 
A

Sending data to server : 
A

Sending data to server : 
A

Sending data to server : 
D

Sending data to server : 
D

Sending data to server : 
D

Sending data to server : 
D

Sending data to server : 
D

Sending data to server : 
D

Sending data to server : 
D

Sending data to server : 
D

Sending data to server : 
D

Sending data to server : 
B

Sending data to server : 
D

Sending data to server : 
D

Sending data to server : 
D

Sending data to server : 
D

Sending data to server : 
D

Sending data to server : 
D

Sending data to server : 
A

Sending data to server : 
D

Sending data to server : 
D

Sending data to server : 
D

Sending data to server : 
D

Sending data to server : 
D

Sending data to server : 
D

Sending data to server : 
D

Sending data to server : 
D

Sending data to server : 
D

Sending data to server : 
B

Sending data to server : 
#

Server sent msg::066,016

Sending data to server : 
C

Sending data to server : 
C

Sending data to server : 
A

Sending data to server : 
A

Sending data to server : 
A

Sending data to server : 
C

Sending data to server : 
C

Sending data to server : 
C

Sending data to server : 
C

Sending data to server : 
C

Sending data to server : 
C

Sending data to server : 
C

Sending data to server : 
C

Sending data to server : 
C

Sending data to server : 
C

Sending data to server : 
C

Sending data to server : 
C

Sending data to server : 
C

Sending data to server : 
C

Sending data to server : 
C

Sending data to server : 
C

Sending data to server : 
C

Sending data to server : 
C

Sending data to server : 
C

Sending data to server : 
C

Sending data to server : 
C

Sending data to server : 
#

Server sent msg::047,017

Sending data to server : 
B

Sending data to server : 
D

Sending data to server : 
A

Sending data to server : 
D

Sending data to server : 
D

Sending data to server : 
B

Sending data to server : 
D

Sending data to server : 
A

Sending data to server : 
D

Sending data to server : 
B

Sending data to server : 
D

Sending data to server : 
A

Sending data to server : 
C

Sending data to server : 
B

Sending data to server : 
D

Sending data to server : 
A

Sending data to server : 
C

Sending data to server : 
B

Sending data to server : 
C

Sending data to server : 
A

Sending data to server : 
D

Sending data to server : 
B

Sending data to server : 
D

Sending data to server : 
D

Sending data to server : 
D

Sending data to server : 
D

Sending data to server : 
D

Sending data to server : 
D

Sending data to server : 
A

Sending data to server : 
A

Sending data to server : 
C

Sending data to server : 
C

Sending data to server : 
C

Sending data to server : 
C

Sending data to server : 
C

Sending data to server : 
C

Sending data to server : 
C

Sending data to server : 
C

Sending data to server : 
C

Sending data to server : 
B

Sending data to server : 
D

Sending data to server : 
A

Sending data to server : 
C

Sending data to server : 
C

Sending data to server : 
C

Sending data to server : 
#

Server sent msg::068,035

Sending data to server : 
B

Sending data to server : 
B

Sending data to server : 
D

Sending data to server : 
B

Sending data to server : 
C

Sending data to server : 
A

Sending data to server : 
D

Sending data to server : 
A

Sending data to server : 
A

Sending data to server : 
C

Sending data to server : 
B

Sending data to server : 
C

Sending data to server : 
B

Sending data to server : 
D

Sending data to server : 
A

Sending data to server : 
C

Sending data to server : 
B

Sending data to server : 
#

Server sent msg::029,042

Sending data to server : 
D

Sending data to server : 
D

Sending data to server : 
D

Sending data to server : 
D

Sending data to server : 
D

Sending data to server : 
D

Sending data to server : 
D

Sending data to server : 
D

Sending data to server : 
D

Sending data to server : 
D

Sending data to server : 
D

Sending data to server : 
D

Sending data to server : 
D

Sending data to server : 
#

Server sent msg::026,040

Sending data to server : 
A

Sending data to server : 
A

Sending data to server : 
C

Sending data to server : 
B

Sending data to server : 
D

Sending data to server : 
#

Server sent msg::038,021

Sending data to server : 
A

Sending data to server : 
A

Sending data to server : 
A

Sending data to server : 
A

Sending data to server : 
A

Sending data to server : 
A

Sending data to server : 
C

Sending data to server : 
C

Sending data to server : 
C

Sending data to server : 
C

Sending data to server : 
C

Sending data to server : 
#

Server sent msg::025,019

Sending data to server : 
C

Sending data to server : 
A

Sending data to server : 
D

Sending data to server : 
D

Sending data to server : 
D

Sending data to server : 
D

Sending data to server : 
D

Sending data to server : 
D

Sending data to server : 
D

Sending data to server : 
D

Sending data to server : 
D

Sending data to server : 
D

Sending data to server : 
D

Sending data to server : 
B

Sending data to server : 
#

Server sent msg::002,011

Sending data to server : 
D

Sending data to server : 
A

Sending data to server : 
A

Sending data to server : 
A

Sending data to server : 
A

Sending data to server : 
A

Sending data to server : 
A

Sending data to server : 
D

Sending data to server : 
D

Sending data to server : 
D

Sending data to server : 
D

Sending data to server : 
B

Sending data to server : 
#

Server sent msg::041,012

Sending data to server : 
C

Sending data to server : 
A

Sending data to server : 
D

Sending data to server : 
D

Sending data to server : 
D

Sending data to server : 
D

Sending data to server : 
#

Server sent msg::024,011

Sending data to server : 
D

Sending data to server : 
D

Sending data to server : 
D

Sending data to server : 
A

Sending data to server : 
D

Sending data to server : 
B

Sending data to server : 
C

Sending data to server : 
#

Server sent msg::068,026

Sending data to server : 
B

Sending data to server : 
B

Sending data to server : 
B

Sending data to server : 
B

Sending data to server : 
D

Sending data to server : 
A

Sending data to server : 
C
