

body color : 3



body color : 1



body color : 1



Generating food at pos:20,30



Generating food at pos:69,17



Generating food at pos:37,12



Generating food at pos:41,3



Generating food at pos:48,2



Generating food at pos:27,7



Generating food at pos:61,33



Generating food at pos:65,13



Generating food at pos:29,24



Generating food at pos:7,6



Generating food at pos:10,21



Generating food at pos:34,37



Generating food at pos:80,3



Generating food at pos:36,22



Generating food at pos:2,14



body color : 2



Generating food at pos:60,36



Name of player : natesh  , sight = c



Message from client : init~~natesh~~c~~



Message from client : A



Message from client : D



Message from client : B



Message from client : 



body color : 4



Generating food at pos:2,19



Name of player : lkasdf  , sight = c



Message from client : init~~lkasdf~~c~~



Message from client : A



Message from client : D



Generating food at pos:42,16



Message from client : C



Message from client : B



Message from client : C



Message from client : A



Message from client : C



Message from client : B



Message from client : C



Message from client : A



Message from client : D



Message from client : A



Message from client : C



Message from client : B


Message from clietn handler :
 #


Generating food at pos:54,25



Message from client : #



Message from client : C



Message from client : B



Message from client : C



Message from client : A


Message from clietn handler :
 D#


Generating food at pos:40,2



Message from client : D#



Message from client : A



Message from client : C


Message from clietn handler :
 #


Generating food at pos:51,37



Message from client : #



Message from client : B



Message from client : C



Message from client : A



Message from client : D



Message from client : B


Message from clietn handler :
 #


Generating food at pos:5,28



Message from client : #



Message from client : C



Message from client : A



Message from client : D



Message from client : D



Message from client : D



Message from client : D



Message from client : A



Message from client : C



Message from client : B



Message from client : D



Message from client : A



Message from client : C



Message from client : B


Message from clietn handler :
 #


Generating food at pos:12,15



Message from client : #



Message from client : C



Message from client : A



Message from client : C


Message from clietn handler :
 #


Generating food at pos:57,34



Message from client : #



Message from client : B



Message from client : B



Message from client : B



Message from client : C



Message from client : C



Message from client : C



Message from client : C



Message from client : C



Message from client : C



Message from client : C



Message from client : C



Message from client : C


Message from clietn handler :
 B#


Generating food at pos:70,30



Message from client : B#



Message from client : C



Message from client : A



Message from client : C



Message from client : A



Message from client : C



Message from client : B



Message from client : D



Message from client : A



Message from client : C



Message from client : B


Message from clietn handler :
 D#


Generating food at pos:65,28



Message from client : D#



Message from client : A



Message from client : C



Message from client : B


Message from clietn handler :
 #


Generating food at pos:28,11



Message from client : #



Message from client : D



Message from client : A

